<?xml version="1.0" encoding="UTF-8"?>
<!-- Generated by org.testng.reporters.JUnitXMLReporter -->
<testsuite hostname="Deepaks-MacBook-Air.local" failures="1" tests="1" name="SearchBar" time="0.008" errors="0" timestamp="13 Jun 2021 06:41:02 GMT">
  <testcase classname="TestCases.SearchBarTC" name="homepage" time="0.003">
    <failure type="java.lang.NullPointerException" message="Cannot invoke &amp;quot;org.openqa.selenium.WebDriver.findElement(org.openqa.selenium.By)&amp;quot; because &amp;quot;this.driver&amp;quot; is null">
      <![CDATA[java.lang.NullPointerException: Cannot invoke "org.openqa.selenium.WebDriver.findElement(org.openqa.selenium.By)" because "this.driver" is null
	at flipkartPageObjects.FlipkartHomePageSearch.SearchBar(FlipkartHomePageSearch.java:21)
	at TestCases.SearchBarTC.homepage(SearchBarTC.java:16)
... Removed 24 stack frames]]>
    </failure>
  </testcase> <!-- homepage -->
</testsuite> <!-- SearchBar -->
